<?xml version="1.0" encoding="UTF-8"?>
<coverage generated="1761278872280" clover="3.2.0">
  <project timestamp="1761278872281" name="All files">
    <metrics statements="63" coveredstatements="57" conditionals="50" coveredconditionals="39" methods="32" coveredmethods="29" elements="145" coveredelements="125" complexity="0" loc="63" ncloc="63" packages="5" files="12" classes="12"/>
    <package name="components.atoms">
      <metrics statements="13" coveredstatements="13" conditionals="15" coveredconditionals="14" methods="4" coveredmethods="4"/>
      <file name="Button.jsx" path="C:\Users\nutri\Desktop\HuertoAlHogar\src\components\atoms\Button.jsx">
        <metrics statements="3" coveredstatements="3" conditionals="4" coveredconditionals="4" methods="2" coveredmethods="2"/>
        <line num="6" count="28" type="stmt"/>
        <line num="9" count="43" type="cond" truecount="2" falsecount="0"/>
        <line num="13" count="28" type="stmt"/>
      </file>
      <file name="Input.jsx" path="C:\Users\nutri\Desktop\HuertoAlHogar\src\components\atoms\Input.jsx">
        <metrics statements="2" coveredstatements="2" conditionals="3" coveredconditionals="2" methods="1" coveredmethods="1"/>
        <line num="7" count="3" type="cond" truecount="1" falsecount="1"/>
        <line num="9" count="3" type="stmt"/>
      </file>
      <file name="StarRating.jsx" path="C:\Users\nutri\Desktop\HuertoAlHogar\src\components\atoms\StarRating.jsx">
        <metrics statements="8" coveredstatements="8" conditionals="8" coveredconditionals="8" methods="1" coveredmethods="1"/>
        <line num="6" count="11" type="stmt"/>
        <line num="9" count="11" type="stmt"/>
        <line num="10" count="55" type="cond" truecount="2" falsecount="0"/>
        <line num="11" count="33" type="stmt"/>
        <line num="12" count="22" type="cond" truecount="4" falsecount="0"/>
        <line num="14" count="9" type="stmt"/>
        <line num="16" count="13" type="stmt"/>
        <line num="20" count="11" type="stmt"/>
      </file>
    </package>
    <package name="components.molecules">
      <metrics statements="8" coveredstatements="8" conditionals="4" coveredconditionals="4" methods="6" coveredmethods="6"/>
      <file name="CartItem.jsx" path="C:\Users\nutri\Desktop\HuertoAlHogar\src\components\molecules\CartItem.jsx">
        <metrics statements="4" coveredstatements="4" conditionals="0" coveredconditionals="0" methods="4" coveredmethods="4"/>
        <line num="7" count="3" type="stmt"/>
        <line num="20" count="1" type="stmt"/>
        <line num="24" count="1" type="stmt"/>
        <line num="31" count="1" type="stmt"/>
      </file>
      <file name="ProductCard.jsx" path="C:\Users\nutri\Desktop\HuertoAlHogar\src\components\molecules\ProductCard.jsx">
        <metrics statements="4" coveredstatements="4" conditionals="4" coveredconditionals="4" methods="2" coveredmethods="2"/>
        <line num="17" count="10" type="stmt"/>
        <line num="19" count="10" type="stmt"/>
        <line num="20" count="1" type="stmt"/>
        <line num="23" count="10" type="stmt"/>
      </file>
    </package>
    <package name="components.organism">
      <metrics statements="14" coveredstatements="13" conditionals="9" coveredconditionals="6" methods="11" coveredmethods="11"/>
      <file name="CartSection.jsx" path="C:\Users\nutri\Desktop\HuertoAlHogar\src\components\organism\CartSection.jsx">
        <metrics statements="2" coveredstatements="2" conditionals="4" coveredconditionals="3" methods="2" coveredmethods="2"/>
        <line num="9" count="2" type="stmt"/>
        <line num="29" count="2" type="stmt"/>
      </file>
      <file name="FilterControls.jsx" path="C:\Users\nutri\Desktop\HuertoAlHogar\src\components\organism\FilterControls.jsx">
        <metrics statements="4" coveredstatements="4" conditionals="0" coveredconditionals="0" methods="4" coveredmethods="4"/>
        <line num="15" count="2" type="stmt"/>
        <line num="25" count="1" type="stmt"/>
        <line num="35" count="1" type="stmt"/>
        <line num="51" count="1" type="stmt"/>
      </file>
      <file name="ProductList.jsx" path="C:\Users\nutri\Desktop\HuertoAlHogar\src\components\organism\ProductList.jsx">
        <metrics statements="4" coveredstatements="3" conditionals="5" coveredconditionals="3" methods="2" coveredmethods="2"/>
        <line num="9" count="4" type="cond" truecount="3" falsecount="1"/>
        <line num="10" count="0" type="stmt"/>
        <line num="18" count="4" type="stmt"/>
        <line num="24" count="9" type="stmt"/>
      </file>
      <file name="ProductosDisponibles.jsx" path="C:\Users\nutri\Desktop\HuertoAlHogar\src\components\organism\ProductosDisponibles.jsx">
        <metrics statements="4" coveredstatements="4" conditionals="0" coveredconditionals="0" methods="3" coveredmethods="3"/>
        <line num="4" count="2" type="stmt"/>
        <line num="11" count="2" type="stmt"/>
        <line num="16" count="6" type="stmt"/>
        <line num="18" count="1" type="stmt"/>
      </file>
    </package>
    <package name="components.pages">
      <metrics statements="24" coveredstatements="19" conditionals="22" coveredconditionals="15" methods="11" coveredmethods="8"/>
      <file name="Carrito.jsx" path="C:\Users\nutri\Desktop\HuertoAlHogar\src\components\pages\Carrito.jsx">
        <metrics statements="2" coveredstatements="2" conditionals="0" coveredconditionals="0" methods="1" coveredmethods="1"/>
        <line num="5" count="1" type="stmt"/>
        <line num="21" count="1" type="stmt"/>
      </file>
      <file name="Catalogo.jsx" path="C:\Users\nutri\Desktop\HuertoAlHogar\src\components\pages\Catalogo.jsx">
        <metrics statements="22" coveredstatements="17" conditionals="22" coveredconditionals="15" methods="10" coveredmethods="7"/>
        <line num="9" count="1" type="stmt"/>
        <line num="10" count="4" type="stmt"/>
        <line num="12" count="4" type="stmt"/>
        <line num="13" count="9" type="cond" truecount="1" falsecount="1"/>
        <line num="14" count="9" type="stmt"/>
        <line num="16" count="0" type="stmt"/>
        <line num="19" count="4" type="stmt"/>
        <line num="21" count="0" type="stmt"/>
        <line num="25" count="0" type="stmt"/>
        <line num="28" count="4" type="cond" truecount="1" falsecount="1"/>
        <line num="29" count="0" type="stmt"/>
        <line num="30" count="4" type="cond" truecount="1" falsecount="1"/>
        <line num="31" count="0" type="stmt"/>
        <line num="34" count="4" type="stmt"/>
        <line num="38" count="1" type="stmt"/>
        <line num="39" count="1" type="stmt"/>
        <line num="40" count="1" type="stmt"/>
        <line num="42" count="1" type="stmt"/>
        <line num="43" count="1" type="stmt"/>
        <line num="44" count="1" type="stmt"/>
        <line num="45" count="1" type="stmt"/>
        <line num="47" count="1" type="stmt"/>
      </file>
    </package>
    <package name="data">
      <metrics statements="4" coveredstatements="4" conditionals="0" coveredconditionals="0" methods="0" coveredmethods="0"/>
      <file name="productos.js" path="C:\Users\nutri\Desktop\HuertoAlHogar\src\data\productos.js">
        <metrics statements="4" coveredstatements="4" conditionals="0" coveredconditionals="0" methods="0" coveredmethods="0"/>
        <line num="1" count="1" type="stmt"/>
        <line num="31" count="1" type="stmt"/>
        <line num="58" count="1" type="stmt"/>
        <line num="77" count="1" type="stmt"/>
      </file>
    </package>
  </project>
</coverage>
