{"C:\\Users\\nutri\\Desktop\\HuertoAlHogar\\src\\components\\atoms\\StarRating.jsx": {"path":"C:\\Users\\nutri\\Desktop\\HuertoAlHogar\\src\\components\\atoms\\StarRating.jsx","statementMap":{"0":{"start":{"line":6,"column":16},"end":{"line":6,"column":18}},"1":{"start":{"line":9,"column":2},"end":{"line":18,"column":3}},"2":{"start":{"line":9,"column":15},"end":{"line":9,"column":16}},"3":{"start":{"line":10,"column":4},"end":{"line":17,"column":5}},"4":{"start":{"line":11,"column":6},"end":{"line":11,"column":53}},"5":{"start":{"line":12,"column":11},"end":{"line":17,"column":5}},"6":{"start":{"line":14,"column":6},"end":{"line":14,"column":60}},"7":{"start":{"line":16,"column":6},"end":{"line":16,"column":56}},"8":{"start":{"line":20,"column":2},"end":{"line":29,"column":4}}},"fnMap":{"0":{"name":"StarRating","decl":{"start":{"line":4,"column":9},"end":{"line":4,"column":19}},"loc":{"start":{"line":4,"column":45},"end":{"line":30,"column":1}},"line":4}},"branchMap":{"0":{"loc":{"start":{"line":10,"column":4},"end":{"line":17,"column":5}},"type":"if","locations":[{"start":{"line":10,"column":4},"end":{"line":17,"column":5}},{"start":{"line":12,"column":11},"end":{"line":17,"column":5}}],"line":10},"1":{"loc":{"start":{"line":12,"column":11},"end":{"line":17,"column":5}},"type":"if","locations":[{"start":{"line":12,"column":11},"end":{"line":17,"column":5}},{"start":{"line":15,"column":11},"end":{"line":17,"column":5}}],"line":12},"2":{"loc":{"start":{"line":12,"column":15},"end":{"line":12,"column":67}},"type":"binary-expr","locations":[{"start":{"line":12,"column":15},"end":{"line":12,"column":38}},{"start":{"line":12,"column":42},"end":{"line":12,"column":67}}],"line":12},"3":{"loc":{"start":{"line":23,"column":7},"end":{"line":27,"column":7}},"type":"binary-expr","locations":[{"start":{"line":23,"column":7},"end":{"line":23,"column":18}},{"start":{"line":24,"column":8},"end":{"line":26,"column":15}}],"line":23}},"s":{"0":1,"1":1,"2":1,"3":5,"4":3,"5":2,"6":1,"7":1,"8":1},"f":{"0":1},"b":{"0":[3,2],"1":[1,1],"2":[2,1],"3":[1,1]},"_coverageSchema":"1a1c01bbd47fc00a2c39e90264f33305004495a9","hash":"8b51337b9853d721e2026c1558ed7bc013ff3382"}
}
