{"C:\\Users\\nutri\\Desktop\\HuertoAlHogar\\src\\components\\atoms\\Button.jsx": {"path":"C:\\Users\\nutri\\Desktop\\HuertoAlHogar\\src\\components\\atoms\\Button.jsx","statementMap":{"0":{"start":{"line":6,"column":26},"end":{"line":11,"column":4}},"1":{"start":{"line":9,"column":18},"end":{"line":9,"column":36}},"2":{"start":{"line":13,"column":2},"end":{"line":22,"column":4}}},"fnMap":{"0":{"name":"Button","decl":{"start":{"line":4,"column":9},"end":{"line":4,"column":15}},"loc":{"start":{"line":4,"column":72},"end":{"line":23,"column":1}},"line":4},"1":{"name":"(anonymous_1)","decl":{"start":{"line":9,"column":11},"end":{"line":9,"column":12}},"loc":{"start":{"line":9,"column":18},"end":{"line":9,"column":36}},"line":9}},"branchMap":{"0":{"loc":{"start":{"line":4,"column":37},"end":{"line":4,"column":51}},"type":"default-arg","locations":[{"start":{"line":4,"column":49},"end":{"line":4,"column":51}}],"line":4},"1":{"loc":{"start":{"line":4,"column":53},"end":{"line":4,"column":68}},"type":"default-arg","locations":[{"start":{"line":4,"column":60},"end":{"line":4,"column":68}}],"line":4},"2":{"loc":{"start":{"line":9,"column":18},"end":{"line":9,"column":36}},"type":"binary-expr","locations":[{"start":{"line":9,"column":18},"end":{"line":9,"column":29}},{"start":{"line":9,"column":33},"end":{"line":9,"column":36}}],"line":9}},"s":{"0":28,"1":43,"2":28},"f":{"0":28,"1":43},"b":{"0":[1],"1":[28],"2":[43,1]},"_coverageSchema":"1a1c01bbd47fc00a2c39e90264f33305004495a9","hash":"19a1d0c5f0756c92cdd373bf2f48a6c26346101f"}
,"C:\\Users\\nutri\\Desktop\\HuertoAlHogar\\src\\components\\atoms\\Input.jsx": {"path":"C:\\Users\\nutri\\Desktop\\HuertoAlHogar\\src\\components\\atoms\\Input.jsx","statementMap":{"0":{"start":{"line":7,"column":25},"end":{"line":7,"column":74}},"1":{"start":{"line":9,"column":2},"end":{"line":20,"column":4}}},"fnMap":{"0":{"name":"Input","decl":{"start":{"line":4,"column":9},"end":{"line":4,"column":14}},"loc":{"start":{"line":4,"column":77},"end":{"line":21,"column":1}},"line":4}},"branchMap":{"0":{"loc":{"start":{"line":4,"column":61},"end":{"line":4,"column":74}},"type":"default-arg","locations":[{"start":{"line":4,"column":68},"end":{"line":4,"column":74}}],"line":4},"1":{"loc":{"start":{"line":7,"column":44},"end":{"line":7,"column":72}},"type":"cond-expr","locations":[{"start":{"line":7,"column":55},"end":{"line":7,"column":67}},{"start":{"line":7,"column":70},"end":{"line":7,"column":72}}],"line":7}},"s":{"0":3,"1":3},"f":{"0":3},"b":{"0":[2],"1":[0,3]},"_coverageSchema":"1a1c01bbd47fc00a2c39e90264f33305004495a9","hash":"602f2b695fe9a333f0cfd8efa3d4c547e8fffaa0"}
,"C:\\Users\\nutri\\Desktop\\HuertoAlHogar\\src\\components\\atoms\\StarRating.jsx": {"path":"C:\\Users\\nutri\\Desktop\\HuertoAlHogar\\src\\components\\atoms\\StarRating.jsx","statementMap":{"0":{"start":{"line":6,"column":16},"end":{"line":6,"column":18}},"1":{"start":{"line":9,"column":2},"end":{"line":18,"column":3}},"2":{"start":{"line":9,"column":15},"end":{"line":9,"column":16}},"3":{"start":{"line":10,"column":4},"end":{"line":17,"column":5}},"4":{"start":{"line":11,"column":6},"end":{"line":11,"column":53}},"5":{"start":{"line":12,"column":11},"end":{"line":17,"column":5}},"6":{"start":{"line":14,"column":6},"end":{"line":14,"column":60}},"7":{"start":{"line":16,"column":6},"end":{"line":16,"column":56}},"8":{"start":{"line":20,"column":2},"end":{"line":29,"column":4}}},"fnMap":{"0":{"name":"StarRating","decl":{"start":{"line":4,"column":9},"end":{"line":4,"column":19}},"loc":{"start":{"line":4,"column":45},"end":{"line":30,"column":1}},"line":4}},"branchMap":{"0":{"loc":{"start":{"line":10,"column":4},"end":{"line":17,"column":5}},"type":"if","locations":[{"start":{"line":10,"column":4},"end":{"line":17,"column":5}},{"start":{"line":12,"column":11},"end":{"line":17,"column":5}}],"line":10},"1":{"loc":{"start":{"line":12,"column":11},"end":{"line":17,"column":5}},"type":"if","locations":[{"start":{"line":12,"column":11},"end":{"line":17,"column":5}},{"start":{"line":15,"column":11},"end":{"line":17,"column":5}}],"line":12},"2":{"loc":{"start":{"line":12,"column":15},"end":{"line":12,"column":67}},"type":"binary-expr","locations":[{"start":{"line":12,"column":15},"end":{"line":12,"column":38}},{"start":{"line":12,"column":42},"end":{"line":12,"column":67}}],"line":12},"3":{"loc":{"start":{"line":23,"column":7},"end":{"line":27,"column":7}},"type":"binary-expr","locations":[{"start":{"line":23,"column":7},"end":{"line":23,"column":18}},{"start":{"line":24,"column":8},"end":{"line":26,"column":15}}],"line":23}},"s":{"0":11,"1":11,"2":11,"3":55,"4":33,"5":22,"6":9,"7":13,"8":11},"f":{"0":11},"b":{"0":[33,22],"1":[9,13],"2":[22,9],"3":[11,11]},"_coverageSchema":"1a1c01bbd47fc00a2c39e90264f33305004495a9","hash":"8b51337b9853d721e2026c1558ed7bc013ff3382"}
,"C:\\Users\\nutri\\Desktop\\HuertoAlHogar\\src\\components\\molecules\\CartItem.jsx": {"path":"C:\\Users\\nutri\\Desktop\\HuertoAlHogar\\src\\components\\molecules\\CartItem.jsx","statementMap":{"0":{"start":{"line":7,"column":2},"end":{"line":36,"column":4}},"1":{"start":{"line":20,"column":51},"end":{"line":20,"column":74}},"2":{"start":{"line":24,"column":51},"end":{"line":24,"column":74}},"3":{"start":{"line":31,"column":56},"end":{"line":31,"column":77}}},"fnMap":{"0":{"name":"CartItem","decl":{"start":{"line":5,"column":9},"end":{"line":5,"column":17}},"loc":{"start":{"line":5,"column":62},"end":{"line":37,"column":1}},"line":5},"1":{"name":"(anonymous_1)","decl":{"start":{"line":20,"column":45},"end":{"line":20,"column":46}},"loc":{"start":{"line":20,"column":51},"end":{"line":20,"column":74}},"line":20},"2":{"name":"(anonymous_2)","decl":{"start":{"line":24,"column":45},"end":{"line":24,"column":46}},"loc":{"start":{"line":24,"column":51},"end":{"line":24,"column":74}},"line":24},"3":{"name":"(anonymous_3)","decl":{"start":{"line":31,"column":50},"end":{"line":31,"column":51}},"loc":{"start":{"line":31,"column":56},"end":{"line":31,"column":77}},"line":31}},"branchMap":{},"s":{"0":3,"1":1,"2":1,"3":1},"f":{"0":3,"1":1,"2":1,"3":1},"b":{},"_coverageSchema":"1a1c01bbd47fc00a2c39e90264f33305004495a9","hash":"44999056ae6edbfcd4b8afbc394fab3443cafbce"}
,"C:\\Users\\nutri\\Desktop\\HuertoAlHogar\\src\\components\\molecules\\ProductCard.jsx": {"path":"C:\\Users\\nutri\\Desktop\\HuertoAlHogar\\src\\components\\molecules\\ProductCard.jsx","statementMap":{"0":{"start":{"line":17,"column":6},"end":{"line":17,"column":14}},"1":{"start":{"line":19,"column":29},"end":{"line":21,"column":3}},"2":{"start":{"line":20,"column":4},"end":{"line":20,"column":26}},"3":{"start":{"line":23,"column":2},"end":{"line":41,"column":4}}},"fnMap":{"0":{"name":"ProductCard","decl":{"start":{"line":6,"column":9},"end":{"line":6,"column":20}},"loc":{"start":{"line":6,"column":48},"end":{"line":42,"column":1}},"line":6},"1":{"name":"(anonymous_1)","decl":{"start":{"line":19,"column":29},"end":{"line":19,"column":30}},"loc":{"start":{"line":19,"column":35},"end":{"line":21,"column":3}},"line":19}},"branchMap":{"0":{"loc":{"start":{"line":34,"column":7},"end":{"line":34,"column":42}},"type":"binary-expr","locations":[{"start":{"line":34,"column":7},"end":{"line":34,"column":18}},{"start":{"line":34,"column":22},"end":{"line":34,"column":42}}],"line":34},"1":{"loc":{"start":{"line":35,"column":7},"end":{"line":35,"column":48}},"type":"binary-expr","locations":[{"start":{"line":35,"column":7},"end":{"line":35,"column":21}},{"start":{"line":35,"column":25},"end":{"line":35,"column":48}}],"line":35}},"s":{"0":10,"1":10,"2":1,"3":10},"f":{"0":10,"1":1},"b":{"0":[10,2],"1":[10,2]},"_coverageSchema":"1a1c01bbd47fc00a2c39e90264f33305004495a9","hash":"8f35e729324e368bdc5323b813c415c46b66c2f6"}
,"C:\\Users\\nutri\\Desktop\\HuertoAlHogar\\src\\components\\organism\\CartSection.jsx": {"path":"C:\\Users\\nutri\\Desktop\\HuertoAlHogar\\src\\components\\organism\\CartSection.jsx","statementMap":{"0":{"start":{"line":9,"column":4},"end":{"line":53,"column":6}},"1":{"start":{"line":29,"column":32},"end":{"line":35,"column":34}}},"fnMap":{"0":{"name":"CartSection","decl":{"start":{"line":7,"column":9},"end":{"line":7,"column":20}},"loc":{"start":{"line":7,"column":83},"end":{"line":54,"column":1}},"line":7},"1":{"name":"(anonymous_1)","decl":{"start":{"line":28,"column":42},"end":{"line":28,"column":43}},"loc":{"start":{"line":29,"column":32},"end":{"line":35,"column":34}},"line":29}},"branchMap":{"0":{"loc":{"start":{"line":23,"column":25},"end":{"line":37,"column":25}},"type":"cond-expr","locations":[{"start":{"line":24,"column":28},"end":{"line":26,"column":33}},{"start":{"line":28,"column":28},"end":{"line":36,"column":30}}],"line":23},"1":{"loc":{"start":{"line":45,"column":17},"end":{"line":49,"column":17}},"type":"binary-expr","locations":[{"start":{"line":45,"column":17},"end":{"line":45,"column":37}},{"start":{"line":46,"column":20},"end":{"line":48,"column":27}}],"line":45}},"s":{"0":2,"1":2},"f":{"0":2,"1":2},"b":{"0":[0,2],"1":[2,2]},"_coverageSchema":"1a1c01bbd47fc00a2c39e90264f33305004495a9","hash":"67fa38323ce913f1162556c0d5bf40194ea84701"}
,"C:\\Users\\nutri\\Desktop\\HuertoAlHogar\\src\\components\\organism\\FilterControls.jsx": {"path":"C:\\Users\\nutri\\Desktop\\HuertoAlHogar\\src\\components\\organism\\FilterControls.jsx","statementMap":{"0":{"start":{"line":15,"column":2},"end":{"line":61,"column":4}},"1":{"start":{"line":25,"column":29},"end":{"line":25,"column":58}},"2":{"start":{"line":35,"column":29},"end":{"line":35,"column":64}},"3":{"start":{"line":51,"column":29},"end":{"line":51,"column":57}}},"fnMap":{"0":{"name":"FilterControls","decl":{"start":{"line":7,"column":9},"end":{"line":7,"column":23}},"loc":{"start":{"line":14,"column":3},"end":{"line":62,"column":1}},"line":14},"1":{"name":"(anonymous_1)","decl":{"start":{"line":25,"column":22},"end":{"line":25,"column":23}},"loc":{"start":{"line":25,"column":29},"end":{"line":25,"column":58}},"line":25},"2":{"name":"(anonymous_2)","decl":{"start":{"line":35,"column":22},"end":{"line":35,"column":23}},"loc":{"start":{"line":35,"column":29},"end":{"line":35,"column":64}},"line":35},"3":{"name":"(anonymous_3)","decl":{"start":{"line":51,"column":22},"end":{"line":51,"column":23}},"loc":{"start":{"line":51,"column":29},"end":{"line":51,"column":57}},"line":51}},"branchMap":{},"s":{"0":2,"1":1,"2":1,"3":1},"f":{"0":2,"1":1,"2":1,"3":1},"b":{},"_coverageSchema":"1a1c01bbd47fc00a2c39e90264f33305004495a9","hash":"6e88fd725a1f7367a0b18f0f71b7e8d6e6661dd0"}
,"C:\\Users\\nutri\\Desktop\\HuertoAlHogar\\src\\components\\organism\\ProductList.jsx": {"path":"C:\\Users\\nutri\\Desktop\\HuertoAlHogar\\src\\components\\organism\\ProductList.jsx","statementMap":{"0":{"start":{"line":9,"column":2},"end":{"line":16,"column":3}},"1":{"start":{"line":10,"column":4},"end":{"line":15,"column":6}},"2":{"start":{"line":18,"column":2},"end":{"line":33,"column":4}},"3":{"start":{"line":24,"column":10},"end":{"line":29,"column":16}}},"fnMap":{"0":{"name":"ProductList","decl":{"start":{"line":7,"column":9},"end":{"line":7,"column":20}},"loc":{"start":{"line":7,"column":62},"end":{"line":34,"column":1}},"line":7},"1":{"name":"(anonymous_1)","decl":{"start":{"line":23,"column":23},"end":{"line":23,"column":24}},"loc":{"start":{"line":24,"column":10},"end":{"line":29,"column":16}},"line":24}},"branchMap":{"0":{"loc":{"start":{"line":7,"column":31},"end":{"line":7,"column":45}},"type":"default-arg","locations":[{"start":{"line":7,"column":43},"end":{"line":7,"column":45}}],"line":7},"1":{"loc":{"start":{"line":9,"column":2},"end":{"line":16,"column":3}},"type":"if","locations":[{"start":{"line":9,"column":2},"end":{"line":16,"column":3}},{"start":{},"end":{}}],"line":9},"2":{"loc":{"start":{"line":9,"column":6},"end":{"line":9,"column":42}},"type":"binary-expr","locations":[{"start":{"line":9,"column":6},"end":{"line":9,"column":16}},{"start":{"line":9,"column":20},"end":{"line":9,"column":42}}],"line":9}},"s":{"0":4,"1":0,"2":4,"3":9},"f":{"0":4,"1":9},"b":{"0":[0],"1":[0,4],"2":[4,4]},"_coverageSchema":"1a1c01bbd47fc00a2c39e90264f33305004495a9","hash":"152bcd859025379fa2b221c2b02854b103de2389"}
,"C:\\Users\\nutri\\Desktop\\HuertoAlHogar\\src\\components\\organism\\ProductosDisponibles.jsx": {"path":"C:\\Users\\nutri\\Desktop\\HuertoAlHogar\\src\\components\\organism\\ProductosDisponibles.jsx","statementMap":{"0":{"start":{"line":4,"column":18},"end":{"line":8,"column":1}},"1":{"start":{"line":11,"column":2},"end":{"line":25,"column":4}},"2":{"start":{"line":16,"column":10},"end":{"line":21,"column":16}},"3":{"start":{"line":18,"column":53},"end":{"line":18,"column":74}}},"fnMap":{"0":{"name":"ProductosDisponibles","decl":{"start":{"line":10,"column":9},"end":{"line":10,"column":29}},"loc":{"start":{"line":10,"column":47},"end":{"line":26,"column":1}},"line":10},"1":{"name":"(anonymous_1)","decl":{"start":{"line":15,"column":23},"end":{"line":15,"column":24}},"loc":{"start":{"line":16,"column":10},"end":{"line":21,"column":16}},"line":16},"2":{"name":"(anonymous_2)","decl":{"start":{"line":18,"column":47},"end":{"line":18,"column":48}},"loc":{"start":{"line":18,"column":53},"end":{"line":18,"column":74}},"line":18}},"branchMap":{},"s":{"0":2,"1":2,"2":6,"3":1},"f":{"0":2,"1":6,"2":1},"b":{},"_coverageSchema":"1a1c01bbd47fc00a2c39e90264f33305004495a9","hash":"30ea172e2c53e35024ac0da723ef247c8d16855a"}
,"C:\\Users\\nutri\\Desktop\\HuertoAlHogar\\src\\components\\pages\\Carrito.jsx": {"path":"C:\\Users\\nutri\\Desktop\\HuertoAlHogar\\src\\components\\pages\\Carrito.jsx","statementMap":{"0":{"start":{"line":5,"column":18},"end":{"line":9,"column":1}},"1":{"start":{"line":21,"column":2},"end":{"line":38,"column":4}}},"fnMap":{"0":{"name":"Carrito","decl":{"start":{"line":11,"column":9},"end":{"line":11,"column":16}},"loc":{"start":{"line":19,"column":3},"end":{"line":39,"column":1}},"line":19}},"branchMap":{},"s":{"0":1,"1":1},"f":{"0":1},"b":{},"_coverageSchema":"1a1c01bbd47fc00a2c39e90264f33305004495a9","hash":"45e296214ea91acbdd79e01a89b09467e76ff6c2"}
,"C:\\Users\\nutri\\Desktop\\HuertoAlHogar\\src\\components\\pages\\Catalogo.jsx": {"path":"C:\\Users\\nutri\\Desktop\\HuertoAlHogar\\src\\components\\pages\\Catalogo.jsx","statementMap":{"0":{"start":{"line":9,"column":24},"end":{"line":35,"column":1}},"1":{"start":{"line":10,"column":18},"end":{"line":10,"column":31}},"2":{"start":{"line":12,"column":2},"end":{"line":17,"column":5}},"3":{"start":{"line":13,"column":4},"end":{"line":15,"column":5}},"4":{"start":{"line":14,"column":6},"end":{"line":14,"column":18}},"5":{"start":{"line":16,"column":4},"end":{"line":16,"column":69}},"6":{"start":{"line":19,"column":19},"end":{"line":26,"column":3}},"7":{"start":{"line":21,"column":23},"end":{"line":24,"column":24}},"8":{"start":{"line":25,"column":4},"end":{"line":25,"column":34}},"9":{"start":{"line":28,"column":2},"end":{"line":32,"column":3}},"10":{"start":{"line":29,"column":4},"end":{"line":29,"column":70}},"11":{"start":{"line":29,"column":29},"end":{"line":29,"column":68}},"12":{"start":{"line":30,"column":9},"end":{"line":32,"column":3}},"13":{"start":{"line":31,"column":4},"end":{"line":31,"column":70}},"14":{"start":{"line":31,"column":29},"end":{"line":31,"column":68}},"15":{"start":{"line":34,"column":2},"end":{"line":34,"column":19}},"16":{"start":{"line":38,"column":38},"end":{"line":38,"column":50}},"17":{"start":{"line":39,"column":50},"end":{"line":39,"column":65}},"18":{"start":{"line":40,"column":36},"end":{"line":40,"column":55}},"19":{"start":{"line":42,"column":26},"end":{"line":42,"column":112}},"20":{"start":{"line":42,"column":40},"end":{"line":42,"column":86}},"21":{"start":{"line":43,"column":28},"end":{"line":43,"column":116}},"22":{"start":{"line":43,"column":42},"end":{"line":43,"column":90}},"23":{"start":{"line":44,"column":29},"end":{"line":44,"column":118}},"24":{"start":{"line":44,"column":43},"end":{"line":44,"column":92}},"25":{"start":{"line":45,"column":27},"end":{"line":45,"column":114}},"26":{"start":{"line":45,"column":41},"end":{"line":45,"column":88}},"27":{"start":{"line":47,"column":2},"end":{"line":97,"column":4}}},"fnMap":{"0":{"name":"(anonymous_0)","decl":{"start":{"line":9,"column":24},"end":{"line":9,"column":25}},"loc":{"start":{"line":9,"column":61},"end":{"line":35,"column":1}},"line":9},"1":{"name":"(anonymous_1)","decl":{"start":{"line":12,"column":31},"end":{"line":12,"column":32}},"loc":{"start":{"line":12,"column":36},"end":{"line":17,"column":3}},"line":12},"2":{"name":"(anonymous_2)","decl":{"start":{"line":19,"column":19},"end":{"line":19,"column":20}},"loc":{"start":{"line":19,"column":37},"end":{"line":26,"column":3}},"line":19},"3":{"name":"(anonymous_3)","decl":{"start":{"line":29,"column":19},"end":{"line":29,"column":20}},"loc":{"start":{"line":29,"column":29},"end":{"line":29,"column":68}},"line":29},"4":{"name":"(anonymous_4)","decl":{"start":{"line":31,"column":19},"end":{"line":31,"column":20}},"loc":{"start":{"line":31,"column":29},"end":{"line":31,"column":68}},"line":31},"5":{"name":"Catalogo","decl":{"start":{"line":37,"column":9},"end":{"line":37,"column":17}},"loc":{"start":{"line":37,"column":35},"end":{"line":98,"column":1}},"line":37},"6":{"name":"(anonymous_6)","decl":{"start":{"line":42,"column":34},"end":{"line":42,"column":35}},"loc":{"start":{"line":42,"column":40},"end":{"line":42,"column":86}},"line":42},"7":{"name":"(anonymous_7)","decl":{"start":{"line":43,"column":36},"end":{"line":43,"column":37}},"loc":{"start":{"line":43,"column":42},"end":{"line":43,"column":90}},"line":43},"8":{"name":"(anonymous_8)","decl":{"start":{"line":44,"column":37},"end":{"line":44,"column":38}},"loc":{"start":{"line":44,"column":43},"end":{"line":44,"column":92}},"line":44},"9":{"name":"(anonymous_9)","decl":{"start":{"line":45,"column":35},"end":{"line":45,"column":36}},"loc":{"start":{"line":45,"column":41},"end":{"line":45,"column":88}},"line":45}},"branchMap":{"0":{"loc":{"start":{"line":13,"column":4},"end":{"line":15,"column":5}},"type":"if","locations":[{"start":{"line":13,"column":4},"end":{"line":15,"column":5}},{"start":{},"end":{}}],"line":13},"1":{"loc":{"start":{"line":28,"column":2},"end":{"line":32,"column":3}},"type":"if","locations":[{"start":{"line":28,"column":2},"end":{"line":32,"column":3}},{"start":{"line":30,"column":9},"end":{"line":32,"column":3}}],"line":28},"2":{"loc":{"start":{"line":30,"column":9},"end":{"line":32,"column":3}},"type":"if","locations":[{"start":{"line":30,"column":9},"end":{"line":32,"column":3}},{"start":{},"end":{}}],"line":30},"3":{"loc":{"start":{"line":65,"column":7},"end":{"line":71,"column":7}},"type":"binary-expr","locations":[{"start":{"line":65,"column":8},"end":{"line":65,"column":34}},{"start":{"line":65,"column":38},"end":{"line":65,"column":67}},{"start":{"line":65,"column":72},"end":{"line":65,"column":98}},{"start":{"line":66,"column":8},"end":{"line":70,"column":10}}],"line":65},"4":{"loc":{"start":{"line":73,"column":7},"end":{"line":79,"column":7}},"type":"binary-expr","locations":[{"start":{"line":73,"column":8},"end":{"line":73,"column":34}},{"start":{"line":73,"column":38},"end":{"line":73,"column":69}},{"start":{"line":73,"column":74},"end":{"line":73,"column":102}},{"start":{"line":74,"column":8},"end":{"line":78,"column":10}}],"line":73},"5":{"loc":{"start":{"line":81,"column":7},"end":{"line":87,"column":7}},"type":"binary-expr","locations":[{"start":{"line":81,"column":8},"end":{"line":81,"column":34}},{"start":{"line":81,"column":38},"end":{"line":81,"column":70}},{"start":{"line":81,"column":75},"end":{"line":81,"column":104}},{"start":{"line":82,"column":8},"end":{"line":86,"column":10}}],"line":81},"6":{"loc":{"start":{"line":89,"column":7},"end":{"line":95,"column":7}},"type":"binary-expr","locations":[{"start":{"line":89,"column":8},"end":{"line":89,"column":34}},{"start":{"line":89,"column":38},"end":{"line":89,"column":68}},{"start":{"line":89,"column":73},"end":{"line":89,"column":100}},{"start":{"line":90,"column":8},"end":{"line":94,"column":10}}],"line":89}},"s":{"0":1,"1":4,"2":4,"3":9,"4":9,"5":0,"6":4,"7":0,"8":0,"9":4,"10":0,"11":0,"12":4,"13":0,"14":0,"15":4,"16":1,"17":1,"18":1,"19":1,"20":1,"21":1,"22":1,"23":1,"24":1,"25":1,"26":1,"27":1},"f":{"0":4,"1":9,"2":0,"3":0,"4":0,"5":1,"6":1,"7":1,"8":1,"9":1},"b":{"0":[9,0],"1":[0,4],"2":[0,4],"3":[1,0,1,1],"4":[1,0,1,1],"5":[1,0,1,1],"6":[1,0,1,1]},"_coverageSchema":"1a1c01bbd47fc00a2c39e90264f33305004495a9","hash":"4a25e153403d0d7addb41bd85e302d7787199be9"}
,"C:\\Users\\nutri\\Desktop\\HuertoAlHogar\\src\\data\\productos.js": {"path":"C:\\Users\\nutri\\Desktop\\HuertoAlHogar\\src\\data\\productos.js","statementMap":{"0":{"start":{"line":1,"column":22},"end":{"line":29,"column":1}},"1":{"start":{"line":31,"column":24},"end":{"line":56,"column":1}},"2":{"start":{"line":58,"column":25},"end":{"line":75,"column":1}},"3":{"start":{"line":77,"column":23},"end":{"line":86,"column":1}}},"fnMap":{},"branchMap":{},"s":{"0":1,"1":1,"2":1,"3":1},"f":{},"b":{},"_coverageSchema":"1a1c01bbd47fc00a2c39e90264f33305004495a9","hash":"4b1c82df224dc112662001d9acdeff158617c81d"}
}
