TN:
SF:src\components\atoms\Button.jsx
FN:4,Button
FN:9,(anonymous_1)
FNF:2
FNH:2
FNDA:28,Button
FNDA:43,(anonymous_1)
DA:6,28
DA:9,43
DA:13,28
LF:3
LH:3
BRDA:4,0,0,1
BRDA:4,1,0,28
BRDA:9,2,0,43
BRDA:9,2,1,1
BRF:4
BRH:4
end_of_record
TN:
SF:src\components\atoms\Input.jsx
FN:4,Input
FNF:1
FNH:1
FNDA:3,Input
DA:7,3
DA:9,3
LF:2
LH:2
BRDA:4,0,0,2
BRDA:7,1,0,0
BRDA:7,1,1,3
BRF:3
BRH:2
end_of_record
TN:
SF:src\components\atoms\StarRating.jsx
FN:4,StarRating
FNF:1
FNH:1
FNDA:11,StarRating
DA:6,11
DA:9,11
DA:10,55
DA:11,33
DA:12,22
DA:14,9
DA:16,13
DA:20,11
LF:8
LH:8
BRDA:10,0,0,33
BRDA:10,0,1,22
BRDA:12,1,0,9
BRDA:12,1,1,13
BRDA:12,2,0,22
BRDA:12,2,1,9
BRDA:23,3,0,11
BRDA:23,3,1,11
BRF:8
BRH:8
end_of_record
TN:
SF:src\components\molecules\CartItem.jsx
FN:5,CartItem
FN:20,(anonymous_1)
FN:24,(anonymous_2)
FN:31,(anonymous_3)
FNF:4
FNH:4
FNDA:3,CartItem
FNDA:1,(anonymous_1)
FNDA:1,(anonymous_2)
FNDA:1,(anonymous_3)
DA:7,3
DA:20,1
DA:24,1
DA:31,1
LF:4
LH:4
BRF:0
BRH:0
end_of_record
TN:
SF:src\components\molecules\ProductCard.jsx
FN:6,ProductCard
FN:19,(anonymous_1)
FNF:2
FNH:2
FNDA:10,ProductCard
FNDA:1,(anonymous_1)
DA:17,10
DA:19,10
DA:20,1
DA:23,10
LF:4
LH:4
BRDA:34,0,0,10
BRDA:34,0,1,2
BRDA:35,1,0,10
BRDA:35,1,1,2
BRF:4
BRH:4
end_of_record
TN:
SF:src\components\organism\CartSection.jsx
FN:7,CartSection
FN:28,(anonymous_1)
FNF:2
FNH:2
FNDA:2,CartSection
FNDA:2,(anonymous_1)
DA:9,2
DA:29,2
LF:2
LH:2
BRDA:23,0,0,0
BRDA:23,0,1,2
BRDA:45,1,0,2
BRDA:45,1,1,2
BRF:4
BRH:3
end_of_record
TN:
SF:src\components\organism\FilterControls.jsx
FN:7,FilterControls
FN:25,(anonymous_1)
FN:35,(anonymous_2)
FN:51,(anonymous_3)
FNF:4
FNH:4
FNDA:2,FilterControls
FNDA:1,(anonymous_1)
FNDA:1,(anonymous_2)
FNDA:1,(anonymous_3)
DA:15,2
DA:25,1
DA:35,1
DA:51,1
LF:4
LH:4
BRF:0
BRH:0
end_of_record
TN:
SF:src\components\organism\ProductList.jsx
FN:7,ProductList
FN:23,(anonymous_1)
FNF:2
FNH:2
FNDA:4,ProductList
FNDA:9,(anonymous_1)
DA:9,4
DA:10,0
DA:18,4
DA:24,9
LF:4
LH:3
BRDA:7,0,0,0
BRDA:9,1,0,0
BRDA:9,1,1,4
BRDA:9,2,0,4
BRDA:9,2,1,4
BRF:5
BRH:3
end_of_record
TN:
SF:src\components\organism\ProductosDisponibles.jsx
FN:10,ProductosDisponibles
FN:15,(anonymous_1)
FN:18,(anonymous_2)
FNF:3
FNH:3
FNDA:2,ProductosDisponibles
FNDA:6,(anonymous_1)
FNDA:1,(anonymous_2)
DA:4,2
DA:11,2
DA:16,6
DA:18,1
LF:4
LH:4
BRF:0
BRH:0
end_of_record
TN:
SF:src\components\pages\Carrito.jsx
FN:11,Carrito
FNF:1
FNH:1
FNDA:1,Carrito
DA:5,1
DA:21,1
LF:2
LH:2
BRF:0
BRH:0
end_of_record
TN:
SF:src\components\pages\Catalogo.jsx
FN:9,(anonymous_0)
FN:12,(anonymous_1)
FN:19,(anonymous_2)
FN:29,(anonymous_3)
FN:31,(anonymous_4)
FN:37,Catalogo
FN:42,(anonymous_6)
FN:43,(anonymous_7)
FN:44,(anonymous_8)
FN:45,(anonymous_9)
FNF:10
FNH:7
FNDA:4,(anonymous_0)
FNDA:9,(anonymous_1)
FNDA:0,(anonymous_2)
FNDA:0,(anonymous_3)
FNDA:0,(anonymous_4)
FNDA:1,Catalogo
FNDA:1,(anonymous_6)
FNDA:1,(anonymous_7)
FNDA:1,(anonymous_8)
FNDA:1,(anonymous_9)
DA:9,1
DA:10,4
DA:12,4
DA:13,9
DA:14,9
DA:16,0
DA:19,4
DA:21,0
DA:25,0
DA:28,4
DA:29,0
DA:30,4
DA:31,0
DA:34,4
DA:38,1
DA:39,1
DA:40,1
DA:42,1
DA:43,1
DA:44,1
DA:45,1
DA:47,1
LF:22
LH:17
BRDA:13,0,0,9
BRDA:13,0,1,0
BRDA:28,1,0,0
BRDA:28,1,1,4
BRDA:30,2,0,0
BRDA:30,2,1,4
BRDA:65,3,0,1
BRDA:65,3,1,0
BRDA:65,3,2,1
BRDA:65,3,3,1
BRDA:73,4,0,1
BRDA:73,4,1,0
BRDA:73,4,2,1
BRDA:73,4,3,1
BRDA:81,5,0,1
BRDA:81,5,1,0
BRDA:81,5,2,1
BRDA:81,5,3,1
BRDA:89,6,0,1
BRDA:89,6,1,0
BRDA:89,6,2,1
BRDA:89,6,3,1
BRF:22
BRH:15
end_of_record
TN:
SF:src\data\productos.js
FNF:0
FNH:0
DA:1,1
DA:31,1
DA:58,1
DA:77,1
LF:4
LH:4
BRF:0
BRH:0
end_of_record
